2020-11-11 14:50:02,618 :: INFO :: Reading Config file
2020-11-11 14:50:02,619 :: ERROR :: Missing optional dependency 'xlrd'. Install xlrd >= 1.0.0 for Excel support Use pip or conda to install xlrd.
2020-11-11 14:51:36,977 :: INFO :: Reading Config file
2020-11-11 14:52:07,055 :: INFO :: done
2020-11-11 14:58:35,025 :: INFO
2020-11-11 14:58:51,772 :: INFO
INFO:root:Reading Config file
INFO:root:done
2020-11-11 15:01:29,339 :: INFO :: Reading Config file
2020-11-11 15:01:30,465 :: INFO :: Reading url data success
2020-11-11 15:01:31,528 :: INFO :: Reading url data success
2020-11-11 15:01:38,973 :: INFO :: Reading url data success
2020-11-11 15:01:40,018 :: INFO :: Reading url data success
2020-11-11 15:01:41,055 :: INFO :: Reading url data success
2020-11-11 15:01:42,102 :: INFO :: Reading url data success
2020-11-11 15:01:43,138 :: INFO :: Reading url data success
2020-11-11 15:01:44,430 :: INFO :: Reading url data success
2020-11-11 15:01:45,477 :: INFO :: Reading url data success
2020-11-11 15:01:46,519 :: INFO :: Reading url data success
2020-11-11 15:01:46,590 :: INFO :: done
